<?xml version="1.0" encoding="UTF-8"?>
<!-- Generated by org.testng.reporters.JUnitReportReporter -->
<testsuite skipped="0" hostname="Rohit" name="Auction_API.UpdateRate" tests="1" failures="0" timestamp="20 Jun 2021 10:50:25 GMT" time="2.946" errors="0">
  <testcase name="updateRate" time="2.946" classname="Auction_API.UpdateRate"/>
</testsuite> <!-- Auction_API.UpdateRate -->
