<?xml version="1.0" encoding="UTF-8"?>
<!-- Generated by org.testng.reporters.JUnitReportReporter -->
<testsuite skipped="0" hostname="Rohit" name="Auction_API.CreateClient" tests="1" failures="0" timestamp="20 Jun 2021 10:50:25 GMT" time="0.769" errors="0">
  <testcase name="createClient" time="0.769" classname="Auction_API.CreateClient"/>
</testsuite> <!-- Auction_API.CreateClient -->
