<?xml version="1.0" encoding="UTF-8"?>
<!-- Generated by org.testng.reporters.JUnitReportReporter -->
<testsuite skipped="0" hostname="Rohit" name="Auction_API.StopAuction" tests="1" failures="0" timestamp="20 Jun 2021 10:50:25 GMT" time="0.904" errors="0">
  <testcase name="stopAuction" time="0.904" classname="Auction_API.StopAuction"/>
</testsuite> <!-- Auction_API.StopAuction -->
