<?xml version="1.0" encoding="UTF-8"?>
<!-- Generated by org.testng.reporters.JUnitReportReporter -->
<testsuite skipped="0" hostname="Rohit" name="Auction_API.UserRegister" tests="1" failures="0" timestamp="20 Jun 2021 10:50:25 GMT" time="1.153" errors="0">
  <testcase name="userRegister" time="1.153" classname="Auction_API.UserRegister"/>
</testsuite> <!-- Auction_API.UserRegister -->
