<?xml version="1.0" encoding="UTF-8"?>
<!-- Generated by org.testng.reporters.JUnitReportReporter -->
<testsuite skipped="0" hostname="Rohit" name="Auction_API.GetAuctionById" tests="1" failures="0" timestamp="20 Jun 2021 10:50:25 GMT" time="1.028" errors="0">
  <testcase name="getAuctionById" time="1.028" classname="Auction_API.GetAuctionById"/>
</testsuite> <!-- Auction_API.GetAuctionById -->
