<?xml version="1.0" encoding="UTF-8"?>
<!-- Generated by org.testng.reporters.JUnitReportReporter -->
<testsuite skipped="0" hostname="Rohit" name="Auction_API.CreateAuction" tests="1" failures="0" timestamp="02 Jul 2021 13:17:51 GMT" time="2.078" errors="0">
  <testcase name="createAuction" time="2.078" classname="Auction_API.CreateAuction"/>
</testsuite> <!-- Auction_API.CreateAuction -->
