<?xml version="1.0" encoding="UTF-8"?>
<!-- Generated by org.testng.reporters.JUnitReportReporter -->
<testsuite skipped="0" hostname="Rohit" name="Auction_API.StopAuction" tests="1" failures="0" timestamp="02 Jul 2021 13:17:51 GMT" time="0.730" errors="0">
  <testcase name="stopAuction" time="0.730" classname="Auction_API.StopAuction"/>
</testsuite> <!-- Auction_API.StopAuction -->
