<?xml version="1.0" encoding="UTF-8"?>
<!-- Generated by org.testng.reporters.JUnitReportReporter -->
<testsuite skipped="0" hostname="Rohit" name="Auction_API.RefreshToken" tests="1" failures="0" timestamp="02 Jul 2021 13:17:51 GMT" time="1.373" errors="0">
  <testcase name="refreshToken" time="1.373" classname="Auction_API.RefreshToken"/>
</testsuite> <!-- Auction_API.RefreshToken -->
