<?xml version="1.0" encoding="UTF-8"?>
<!-- Generated by org.testng.reporters.JUnitReportReporter -->
<testsuite skipped="0" hostname="Rohit" name="Auction_API.GetAuctionById" tests="1" failures="0" timestamp="02 Jul 2021 13:17:51 GMT" time="1.680" errors="0">
  <testcase name="getAuctionById" time="1.680" classname="Auction_API.GetAuctionById"/>
</testsuite> <!-- Auction_API.GetAuctionById -->
