<?xml version="1.0" encoding="UTF-8"?>
<!-- Generated by org.testng.reporters.JUnitReportReporter -->
<testsuite skipped="0" hostname="Rohit" name="Auction_API.UserRegister" tests="1" failures="0" timestamp="02 Jul 2021 13:17:51 GMT" time="1.505" errors="0">
  <testcase name="userRegister" time="1.505" classname="Auction_API.UserRegister"/>
</testsuite> <!-- Auction_API.UserRegister -->
