<?xml version="1.0" encoding="UTF-8"?>
<!-- Generated by org.testng.reporters.JUnitReportReporter -->
<testsuite skipped="0" hostname="Rohit" name="Auction_API.UpdateRate" tests="1" failures="0" timestamp="02 Jul 2021 13:17:51 GMT" time="4.960" errors="0">
  <testcase name="updateRate" time="4.960" classname="Auction_API.UpdateRate"/>
</testsuite> <!-- Auction_API.UpdateRate -->
