<?xml version="1.0" encoding="UTF-8"?>
<!-- Generated by org.testng.reporters.JUnitReportReporter -->
<testsuite skipped="0" hostname="Rohit" name="Auction_API.StartAuction" tests="1" failures="0" timestamp="02 Jul 2021 13:17:51 GMT" time="0.856" errors="0">
  <testcase name="startAuction" time="0.856" classname="Auction_API.StartAuction"/>
</testsuite> <!-- Auction_API.StartAuction -->
