<?xml version="1.0" encoding="UTF-8"?>
<!-- Generated by org.testng.reporters.JUnitReportReporter -->
<testsuite skipped="0" hostname="Rohit" name="Auction_API.CreateClient" tests="1" failures="0" timestamp="02 Jul 2021 13:17:51 GMT" time="1.218" errors="0">
  <testcase name="createClient" time="1.218" classname="Auction_API.CreateClient"/>
</testsuite> <!-- Auction_API.CreateClient -->
